[0m19:38:41.350805 [debug] [MainThread]: Sending event: {'category': 'dbt', 'action': 'invocation', 'label': 'start', 'context': [<snowplow_tracker.self_describing_json.SelfDescribingJson object at 0xffffb61e0e50>, <snowplow_tracker.self_describing_json.SelfDescribingJson object at 0xffffb61c9410>, <snowplow_tracker.self_describing_json.SelfDescribingJson object at 0xffffb61c9350>]}


============================== 19:38:41.351957 | 0d4a8b9d-5238-409b-b3c0-efebfbfad6ec ==============================
[0m19:38:41.351957 [info ] [MainThread]: Running with dbt=1.8.7
[0m19:38:41.352282 [debug] [MainThread]: running dbt with arguments {'printer_width': '80', 'indirect_selection': 'eager', 'log_cache_events': 'False', 'write_json': 'True', 'partial_parse': 'True', 'cache_selected_only': 'False', 'warn_error': 'None', 'fail_fast': 'False', 'version_check': 'True', 'log_path': 'logs', 'debug': 'False', 'profiles_dir': '/dbt_banking/assignment1/.dbt', 'use_colors': 'True', 'use_experimental_parser': 'False', 'empty': 'None', 'quiet': 'False', 'no_print': 'None', 'log_format': 'default', 'introspect': 'True', 'warn_error_options': 'WarnErrorOptions(include=[], exclude=[])', 'invocation_command': 'dbt init assignment1', 'target_path': 'None', 'static_parser': 'True', 'send_anonymous_usage_stats': 'True'}
[0m19:38:41.354883 [info ] [MainThread]: Creating dbt configuration folder at /dbt_banking/assignment1/.dbt
[0m19:38:41.355620 [debug] [MainThread]: Starter project path: /usr/local/lib/python3.11/site-packages/dbt/include/starter_project
[0m19:38:41.362634 [info ] [MainThread]: 
Your new dbt project "assignment1" was created!

For more information on how to configure the profiles.yml file,
please consult the dbt documentation here:

  https://docs.getdbt.com/docs/configure-your-profile

One more thing:

Need help? Don't hesitate to reach out to us via GitHub issues or on Slack:

  https://community.getdbt.com/

Happy modeling!

[0m19:38:41.362963 [info ] [MainThread]: Setting up your profile.
[0m19:38:45.290900 [info ] [MainThread]: Profile assignment1 written to /dbt_banking/assignment1/.dbt/profiles.yml using target's sample configuration. Once updated, you'll be able to start developing with dbt.
[0m19:38:45.291401 [debug] [MainThread]: Resource report: {"command_name": "init", "command_success": true, "command_wall_clock_time": 3.959196, "process_user_time": 0.45995, "process_kernel_time": 0.033068, "process_mem_max_rss": "122772", "process_out_blocks": "12", "process_in_blocks": "0"}
[0m19:38:45.291641 [debug] [MainThread]: Command `dbt init` succeeded at 19:38:45.291584 after 3.96 seconds
[0m19:38:45.291827 [debug] [MainThread]: Sending event: {'category': 'dbt', 'action': 'invocation', 'label': 'end', 'context': [<snowplow_tracker.self_describing_json.SelfDescribingJson object at 0xffffb6187110>, <snowplow_tracker.self_describing_json.SelfDescribingJson object at 0xffffb64fc7d0>, <snowplow_tracker.self_describing_json.SelfDescribingJson object at 0xffffbaef1c90>]}
[0m19:38:45.291999 [debug] [MainThread]: Flushing usage events
